<?xml version="1.0" encoding="UTF-8" ?>
<testsuite failures="0" time="13.443" errors="0" skipped="0" tests="1" name="net.continuumsecurity.restyburp.BurpExtenderTest">
  <properties>
    <property name="java.runtime.name" value="Java(TM) SE Runtime Environment"/>
    <property name="sun.boot.library.path" value="/usr/lib/jvm/java-6-sun-1.6.0.26/jre/lib/i386"/>
    <property name="java.vm.version" value="20.1-b02"/>
    <property name="java.vm.vendor" value="Sun Microsystems Inc."/>
    <property name="java.vendor.url" value="http://java.sun.com/"/>
    <property name="path.separator" value=":"/>
    <property name="java.vm.name" value="Java HotSpot(TM) Server VM"/>
    <property name="file.encoding.pkg" value="sun.io"/>
    <property name="user.country" value="US"/>
    <property name="sun.java.launcher" value="SUN_STANDARD"/>
    <property name="sun.os.patch.level" value="unknown"/>
    <property name="java.vm.specification.name" value="Java Virtual Machine Specification"/>
    <property name="user.dir" value="/home/zav/TEMP/stephendv-resty-burp-2919093"/>
    <property name="java.runtime.version" value="1.6.0_26-b03"/>
    <property name="java.awt.graphicsenv" value="sun.awt.X11GraphicsEnvironment"/>
    <property name="basedir" value="/home/zav/TEMP/stephendv-resty-burp-2919093"/>
    <property name="java.endorsed.dirs" value="/usr/lib/jvm/java-6-sun-1.6.0.26/jre/lib/endorsed"/>
    <property name="os.arch" value="i386"/>
    <property name="surefire.real.class.path" value="/tmp/surefirebooter6572032188877611489.jar"/>
    <property name="java.io.tmpdir" value="/tmp"/>
    <property name="line.separator" value="
"/>
    <property name="java.vm.specification.vendor" value="Sun Microsystems Inc."/>
    <property name="os.name" value="Linux"/>
    <property name="sun.jnu.encoding" value="UTF-8"/>
    <property name="java.library.path" value="/usr/lib/jvm/java-6-sun-1.6.0.26/jre/lib/i386/server:/usr/lib/jvm/java-6-sun-1.6.0.26/jre/lib/i386:/usr/lib/jvm/java-6-sun-1.6.0.26/jre/../lib/i386:/usr/java/packages/lib/i386:/lib:/usr/lib"/>
    <property name="surefire.test.class.path" value="/home/zav/TEMP/stephendv-resty-burp-2919093/target/test-classes:/home/zav/TEMP/stephendv-resty-burp-2919093/target/classes:/root/.m2/repository/junit/junit/4.10/junit-4.10.jar:/root/.m2/repository/org/hamcrest/hamcrest-core/1.1/hamcrest-core-1.1.jar:/root/.m2/repository/net/sf/jopt-simple/jopt-simple/4.3/jopt-simple-4.3.jar:/root/.m2/repository/log4j/log4j/1.2.16/log4j-1.2.16.jar:/root/.m2/repository/net/portswigger/burpsuite-pro/1.4.07/burpsuite-pro-1.4.07.jar:/root/.m2/repository/com/sun/jersey/contribs/jersey-apache-client/1.11/jersey-apache-client-1.11.jar:/root/.m2/repository/commons-httpclient/commons-httpclient/3.1/commons-httpclient-3.1.jar:/root/.m2/repository/commons-logging/commons-logging/1.0.4/commons-logging-1.0.4.jar:/root/.m2/repository/commons-codec/commons-codec/1.4/commons-codec-1.4.jar:/root/.m2/repository/com/sun/jersey/jersey-client/1.11/jersey-client-1.11.jar:/root/.m2/repository/com/sun/jersey/jersey-core/1.10/jersey-core-1.10.jar:/root/.m2/repository/org/codehaus/jettison/jettison/1.1/jettison-1.1.jar:/root/.m2/repository/stax/stax-api/1.0.1/stax-api-1.0.1.jar:/root/.m2/repository/com/sun/jersey/jersey-bundle/1.10/jersey-bundle-1.10.jar:/root/.m2/repository/javax/ws/rs/jsr311-api/1.1.1/jsr311-api-1.1.1.jar:/root/.m2/repository/com/sun/jersey/jersey-json/1.10/jersey-json-1.10.jar:/root/.m2/repository/com/sun/xml/bind/jaxb-impl/2.2.3-1/jaxb-impl-2.2.3-1.jar:/root/.m2/repository/javax/xml/bind/jaxb-api/2.2.2/jaxb-api-2.2.2.jar:/root/.m2/repository/javax/xml/stream/stax-api/1.0-2/stax-api-1.0-2.jar:/root/.m2/repository/javax/activation/activation/1.1/activation-1.1.jar:/root/.m2/repository/org/codehaus/jackson/jackson-core-asl/1.8.3/jackson-core-asl-1.8.3.jar:/root/.m2/repository/org/codehaus/jackson/jackson-mapper-asl/1.8.3/jackson-mapper-asl-1.8.3.jar:/root/.m2/repository/org/codehaus/jackson/jackson-jaxrs/1.8.3/jackson-jaxrs-1.8.3.jar:/root/.m2/repository/org/codehaus/jackson/jackson-xc/1.8.3/jackson-xc-1.8.3.jar:/root/.m2/repository/com/sun/grizzly/grizzly-servlet-webserver/1.9.46/grizzly-servlet-webserver-1.9.46.jar:/root/.m2/repository/com/sun/grizzly/grizzly-http/1.9.46/grizzly-http-1.9.46.jar:/root/.m2/repository/com/sun/grizzly/grizzly-framework/1.9.46/grizzly-framework-1.9.46.jar:/root/.m2/repository/com/sun/grizzly/grizzly-utils/1.9.46/grizzly-utils-1.9.46.jar:/root/.m2/repository/com/sun/grizzly/grizzly-lzma/1.9.46/grizzly-lzma-1.9.46.jar:/root/.m2/repository/com/sun/grizzly/grizzly-rcm/1.9.46/grizzly-rcm-1.9.46.jar:/root/.m2/repository/com/sun/grizzly/grizzly-portunif/1.9.46/grizzly-portunif-1.9.46.jar:/root/.m2/repository/com/sun/grizzly/grizzly-http-servlet/1.9.46/grizzly-http-servlet-1.9.46.jar:/root/.m2/repository/javax/servlet/servlet-api/2.5/servlet-api-2.5.jar:/root/.m2/repository/org/seleniumhq/selenium/selenium-java/2.18.0/selenium-java-2.18.0.jar:/root/.m2/repository/org/seleniumhq/selenium/selenium-android-driver/2.18.0/selenium-android-driver-2.18.0.jar:/root/.m2/repository/org/seleniumhq/selenium/selenium-remote-driver/2.18.0/selenium-remote-driver-2.18.0.jar:/root/.m2/repository/cglib/cglib-nodep/2.1_3/cglib-nodep-2.1_3.jar:/root/.m2/repository/org/json/json/20080701/json-20080701.jar:/root/.m2/repository/org/seleniumhq/selenium/selenium-api/2.18.0/selenium-api-2.18.0.jar:/root/.m2/repository/com/google/guava/guava/11.0.1/guava-11.0.1.jar:/root/.m2/repository/com/google/code/findbugs/jsr305/1.3.9/jsr305-1.3.9.jar:/root/.m2/repository/org/apache/httpcomponents/httpclient/4.1.2/httpclient-4.1.2.jar:/root/.m2/repository/org/apache/httpcomponents/httpcore/4.1.2/httpcore-4.1.2.jar:/root/.m2/repository/org/apache/commons/commons-exec/1.1/commons-exec-1.1.jar:/root/.m2/repository/net/java/dev/jna/jna/3.4.0/jna-3.4.0.jar:/root/.m2/repository/net/java/dev/jna/platform/3.4.0/platform-3.4.0.jar:/root/.m2/repository/org/seleniumhq/selenium/selenium-chrome-driver/2.18.0/selenium-chrome-driver-2.18.0.jar:/root/.m2/repository/org/seleniumhq/selenium/selenium-htmlunit-driver/2.18.0/selenium-htmlunit-driver-2.18.0.jar:/root/.m2/repository/net/sourceforge/htmlunit/htmlunit/2.9/htmlunit-2.9.jar:/root/.m2/repository/xalan/xalan/2.7.1/xalan-2.7.1.jar:/root/.m2/repository/xalan/serializer/2.7.1/serializer-2.7.1.jar:/root/.m2/repository/xml-apis/xml-apis/1.3.04/xml-apis-1.3.04.jar:/root/.m2/repository/commons-collections/commons-collections/3.2.1/commons-collections-3.2.1.jar:/root/.m2/repository/commons-lang/commons-lang/2.6/commons-lang-2.6.jar:/root/.m2/repository/org/apache/httpcomponents/httpmime/4.1.2/httpmime-4.1.2.jar:/root/.m2/repository/net/sourceforge/htmlunit/htmlunit-core-js/2.9/htmlunit-core-js-2.9.jar:/root/.m2/repository/xerces/xercesImpl/2.9.1/xercesImpl-2.9.1.jar:/root/.m2/repository/net/sourceforge/nekohtml/nekohtml/1.9.15/nekohtml-1.9.15.jar:/root/.m2/repository/net/sourceforge/cssparser/cssparser/0.9.5/cssparser-0.9.5.jar:/root/.m2/repository/org/w3c/css/sac/1.3/sac-1.3.jar:/root/.m2/repository/commons-io/commons-io/2.0.1/commons-io-2.0.1.jar:/root/.m2/repository/org/seleniumhq/selenium/selenium-firefox-driver/2.18.0/selenium-firefox-driver-2.18.0.jar:/root/.m2/repository/org/seleniumhq/selenium/selenium-ie-driver/2.18.0/selenium-ie-driver-2.18.0.jar:/root/.m2/repository/org/seleniumhq/selenium/selenium-iphone-driver/2.18.0/selenium-iphone-driver-2.18.0.jar:/root/.m2/repository/org/seleniumhq/selenium/selenium-support/2.18.0/selenium-support-2.18.0.jar:/root/.m2/repository/asm/asm-all/3.3.1/asm-all-3.3.1.jar:/root/.m2/repository/commons-jxpath/commons-jxpath/1.3/commons-jxpath-1.3.jar:/root/.m2/repository/org/codehaus/jackson/jackson-core-lgpl/1.9.0/jackson-core-lgpl-1.9.0.jar:/root/.m2/repository/com/sun/jersey/jersey-grizzly/1.11/jersey-grizzly-1.11.jar:/root/.m2/repository/com/sun/jersey/jersey-servlet/1.11/jersey-servlet-1.11.jar:/root/.m2/repository/com/sun/jersey/jersey-server/1.11/jersey-server-1.11.jar:/root/.m2/repository/asm/asm/3.1/asm-3.1.jar:"/>
    <property name="java.specification.name" value="Java Platform API Specification"/>
    <property name="java.class.version" value="50.0"/>
    <property name="sun.management.compiler" value="HotSpot Tiered Compilers"/>
    <property name="os.version" value="3.0.0-23-generic"/>
    <property name="networkaddress.cache.ttl" value="299"/>
    <property name="user.home" value="/root"/>
    <property name="user.timezone" value="Europe/Paris"/>
    <property name="java.awt.printerjob" value="sun.print.PSPrinterJob"/>
    <property name="java.specification.version" value="1.6"/>
    <property name="file.encoding" value="UTF-8"/>
    <property name="user.name" value="root"/>
    <property name="java.class.path" value="/home/zav/TEMP/stephendv-resty-burp-2919093/target/test-classes:/home/zav/TEMP/stephendv-resty-burp-2919093/target/classes:/root/.m2/repository/junit/junit/4.10/junit-4.10.jar:/root/.m2/repository/org/hamcrest/hamcrest-core/1.1/hamcrest-core-1.1.jar:/root/.m2/repository/net/sf/jopt-simple/jopt-simple/4.3/jopt-simple-4.3.jar:/root/.m2/repository/log4j/log4j/1.2.16/log4j-1.2.16.jar:/root/.m2/repository/net/portswigger/burpsuite-pro/1.4.07/burpsuite-pro-1.4.07.jar:/root/.m2/repository/com/sun/jersey/contribs/jersey-apache-client/1.11/jersey-apache-client-1.11.jar:/root/.m2/repository/commons-httpclient/commons-httpclient/3.1/commons-httpclient-3.1.jar:/root/.m2/repository/commons-logging/commons-logging/1.0.4/commons-logging-1.0.4.jar:/root/.m2/repository/commons-codec/commons-codec/1.4/commons-codec-1.4.jar:/root/.m2/repository/com/sun/jersey/jersey-client/1.11/jersey-client-1.11.jar:/root/.m2/repository/com/sun/jersey/jersey-core/1.10/jersey-core-1.10.jar:/root/.m2/repository/org/codehaus/jettison/jettison/1.1/jettison-1.1.jar:/root/.m2/repository/stax/stax-api/1.0.1/stax-api-1.0.1.jar:/root/.m2/repository/com/sun/jersey/jersey-bundle/1.10/jersey-bundle-1.10.jar:/root/.m2/repository/javax/ws/rs/jsr311-api/1.1.1/jsr311-api-1.1.1.jar:/root/.m2/repository/com/sun/jersey/jersey-json/1.10/jersey-json-1.10.jar:/root/.m2/repository/com/sun/xml/bind/jaxb-impl/2.2.3-1/jaxb-impl-2.2.3-1.jar:/root/.m2/repository/javax/xml/bind/jaxb-api/2.2.2/jaxb-api-2.2.2.jar:/root/.m2/repository/javax/xml/stream/stax-api/1.0-2/stax-api-1.0-2.jar:/root/.m2/repository/javax/activation/activation/1.1/activation-1.1.jar:/root/.m2/repository/org/codehaus/jackson/jackson-core-asl/1.8.3/jackson-core-asl-1.8.3.jar:/root/.m2/repository/org/codehaus/jackson/jackson-mapper-asl/1.8.3/jackson-mapper-asl-1.8.3.jar:/root/.m2/repository/org/codehaus/jackson/jackson-jaxrs/1.8.3/jackson-jaxrs-1.8.3.jar:/root/.m2/repository/org/codehaus/jackson/jackson-xc/1.8.3/jackson-xc-1.8.3.jar:/root/.m2/repository/com/sun/grizzly/grizzly-servlet-webserver/1.9.46/grizzly-servlet-webserver-1.9.46.jar:/root/.m2/repository/com/sun/grizzly/grizzly-http/1.9.46/grizzly-http-1.9.46.jar:/root/.m2/repository/com/sun/grizzly/grizzly-framework/1.9.46/grizzly-framework-1.9.46.jar:/root/.m2/repository/com/sun/grizzly/grizzly-utils/1.9.46/grizzly-utils-1.9.46.jar:/root/.m2/repository/com/sun/grizzly/grizzly-lzma/1.9.46/grizzly-lzma-1.9.46.jar:/root/.m2/repository/com/sun/grizzly/grizzly-rcm/1.9.46/grizzly-rcm-1.9.46.jar:/root/.m2/repository/com/sun/grizzly/grizzly-portunif/1.9.46/grizzly-portunif-1.9.46.jar:/root/.m2/repository/com/sun/grizzly/grizzly-http-servlet/1.9.46/grizzly-http-servlet-1.9.46.jar:/root/.m2/repository/javax/servlet/servlet-api/2.5/servlet-api-2.5.jar:/root/.m2/repository/org/seleniumhq/selenium/selenium-java/2.18.0/selenium-java-2.18.0.jar:/root/.m2/repository/org/seleniumhq/selenium/selenium-android-driver/2.18.0/selenium-android-driver-2.18.0.jar:/root/.m2/repository/org/seleniumhq/selenium/selenium-remote-driver/2.18.0/selenium-remote-driver-2.18.0.jar:/root/.m2/repository/cglib/cglib-nodep/2.1_3/cglib-nodep-2.1_3.jar:/root/.m2/repository/org/json/json/20080701/json-20080701.jar:/root/.m2/repository/org/seleniumhq/selenium/selenium-api/2.18.0/selenium-api-2.18.0.jar:/root/.m2/repository/com/google/guava/guava/11.0.1/guava-11.0.1.jar:/root/.m2/repository/com/google/code/findbugs/jsr305/1.3.9/jsr305-1.3.9.jar:/root/.m2/repository/org/apache/httpcomponents/httpclient/4.1.2/httpclient-4.1.2.jar:/root/.m2/repository/org/apache/httpcomponents/httpcore/4.1.2/httpcore-4.1.2.jar:/root/.m2/repository/org/apache/commons/commons-exec/1.1/commons-exec-1.1.jar:/root/.m2/repository/net/java/dev/jna/jna/3.4.0/jna-3.4.0.jar:/root/.m2/repository/net/java/dev/jna/platform/3.4.0/platform-3.4.0.jar:/root/.m2/repository/org/seleniumhq/selenium/selenium-chrome-driver/2.18.0/selenium-chrome-driver-2.18.0.jar:/root/.m2/repository/org/seleniumhq/selenium/selenium-htmlunit-driver/2.18.0/selenium-htmlunit-driver-2.18.0.jar:/root/.m2/repository/net/sourceforge/htmlunit/htmlunit/2.9/htmlunit-2.9.jar:/root/.m2/repository/xalan/xalan/2.7.1/xalan-2.7.1.jar:/root/.m2/repository/xalan/serializer/2.7.1/serializer-2.7.1.jar:/root/.m2/repository/xml-apis/xml-apis/1.3.04/xml-apis-1.3.04.jar:/root/.m2/repository/commons-collections/commons-collections/3.2.1/commons-collections-3.2.1.jar:/root/.m2/repository/commons-lang/commons-lang/2.6/commons-lang-2.6.jar:/root/.m2/repository/org/apache/httpcomponents/httpmime/4.1.2/httpmime-4.1.2.jar:/root/.m2/repository/net/sourceforge/htmlunit/htmlunit-core-js/2.9/htmlunit-core-js-2.9.jar:/root/.m2/repository/xerces/xercesImpl/2.9.1/xercesImpl-2.9.1.jar:/root/.m2/repository/net/sourceforge/nekohtml/nekohtml/1.9.15/nekohtml-1.9.15.jar:/root/.m2/repository/net/sourceforge/cssparser/cssparser/0.9.5/cssparser-0.9.5.jar:/root/.m2/repository/org/w3c/css/sac/1.3/sac-1.3.jar:/root/.m2/repository/commons-io/commons-io/2.0.1/commons-io-2.0.1.jar:/root/.m2/repository/org/seleniumhq/selenium/selenium-firefox-driver/2.18.0/selenium-firefox-driver-2.18.0.jar:/root/.m2/repository/org/seleniumhq/selenium/selenium-ie-driver/2.18.0/selenium-ie-driver-2.18.0.jar:/root/.m2/repository/org/seleniumhq/selenium/selenium-iphone-driver/2.18.0/selenium-iphone-driver-2.18.0.jar:/root/.m2/repository/org/seleniumhq/selenium/selenium-support/2.18.0/selenium-support-2.18.0.jar:/root/.m2/repository/asm/asm-all/3.3.1/asm-all-3.3.1.jar:/root/.m2/repository/commons-jxpath/commons-jxpath/1.3/commons-jxpath-1.3.jar:/root/.m2/repository/org/codehaus/jackson/jackson-core-lgpl/1.9.0/jackson-core-lgpl-1.9.0.jar:/root/.m2/repository/com/sun/jersey/jersey-grizzly/1.11/jersey-grizzly-1.11.jar:/root/.m2/repository/com/sun/jersey/jersey-servlet/1.11/jersey-servlet-1.11.jar:/root/.m2/repository/com/sun/jersey/jersey-server/1.11/jersey-server-1.11.jar:/root/.m2/repository/asm/asm/3.1/asm-3.1.jar:"/>
    <property name="networkaddress.cache.negative.ttl" value="59"/>
    <property name="java.vm.specification.version" value="1.0"/>
    <property name="sun.arch.data.model" value="32"/>
    <property name="java.home" value="/usr/lib/jvm/java-6-sun-1.6.0.26/jre"/>
    <property name="sun.java.command" value="/tmp/surefirebooter6572032188877611489.jar /tmp/surefire8933025650087642708tmp /tmp/surefire5095622623215191578tmp"/>
    <property name="java.specification.vendor" value="Sun Microsystems Inc."/>
    <property name="user.language" value="en"/>
    <property name="java.vm.info" value="mixed mode"/>
    <property name="java.version" value="1.6.0_26"/>
    <property name="java.ext.dirs" value="/usr/lib/jvm/java-6-sun-1.6.0.26/jre/lib/ext:/usr/java/packages/lib/ext"/>
    <property name="sun.boot.class.path" value="/usr/lib/jvm/java-6-sun-1.6.0.26/jre/lib/resources.jar:/usr/lib/jvm/java-6-sun-1.6.0.26/jre/lib/rt.jar:/usr/lib/jvm/java-6-sun-1.6.0.26/jre/lib/sunrsasign.jar:/usr/lib/jvm/java-6-sun-1.6.0.26/jre/lib/jsse.jar:/usr/lib/jvm/java-6-sun-1.6.0.26/jre/lib/jce.jar:/usr/lib/jvm/java-6-sun-1.6.0.26/jre/lib/charsets.jar:/usr/lib/jvm/java-6-sun-1.6.0.26/jre/lib/modules/jdk.boot.jar:/usr/lib/jvm/java-6-sun-1.6.0.26/jre/classes"/>
    <property name="java.vendor" value="Sun Microsystems Inc."/>
    <property name="java.awt.headless" value="false"/>
    <property name="localRepository" value="/root/.m2/repository"/>
    <property name="file.separator" value="/"/>
    <property name="java.vendor.url.bug" value="http://java.sun.com/cgi-bin/bugreport.cgi"/>
    <property name="sun.cpu.endian" value="little"/>
    <property name="sun.io.unicode.encoding" value="UnicodeLittle"/>
    <property name="sun.cpu.isalist" value=""/>
  </properties>
  <testcase time="13.44" classname="net.continuumsecurity.restyburp.BurpExtenderTest" name="testInScopeScanning"/>
</testsuite>